2022/12/07 17:49:38 [notice] 1#1: using the "epoll" event method
2022/12/07 17:49:38 [notice] 1#1: nginx/1.23.2
2022/12/07 17:49:38 [notice] 1#1: built by gcc 10.2.1 20210110 (Debian 10.2.1-6) 
2022/12/07 17:49:38 [notice] 1#1: OS: Linux 5.15.74.2-microsoft-standard-WSL2
2022/12/07 17:49:38 [notice] 1#1: getrlimit(RLIMIT_NOFILE): 1048576:1048576
2022/12/07 17:49:38 [notice] 1#1: start worker processes
2022/12/07 17:49:38 [notice] 1#1: start worker process 22
2022/12/07 17:49:38 [notice] 1#1: start worker process 23
2022/12/07 17:49:38 [notice] 1#1: start worker process 24
2022/12/07 17:49:38 [notice] 1#1: start worker process 25
2022/12/07 17:53:24 [notice] 1#1: signal 3 (SIGQUIT) received, shutting down
2022/12/07 17:53:24 [notice] 22#22: gracefully shutting down
2022/12/07 17:53:24 [notice] 22#22: exiting
2022/12/07 17:53:24 [notice] 23#23: gracefully shutting down
2022/12/07 17:53:24 [notice] 25#25: gracefully shutting down
2022/12/07 17:53:24 [notice] 24#24: gracefully shutting down
2022/12/07 17:53:24 [notice] 22#22: exit
2022/12/07 17:53:24 [notice] 23#23: exiting
2022/12/07 17:53:24 [notice] 25#25: exiting
2022/12/07 17:53:24 [notice] 24#24: exiting
2022/12/07 17:53:24 [notice] 23#23: exit
2022/12/07 17:53:24 [notice] 25#25: exit
2022/12/07 17:53:24 [notice] 24#24: exit
2022/12/07 17:53:24 [notice] 1#1: signal 17 (SIGCHLD) received from 23
2022/12/07 17:53:24 [notice] 1#1: worker process 23 exited with code 0
2022/12/07 17:53:24 [notice] 1#1: signal 29 (SIGIO) received
2022/12/07 17:53:24 [notice] 1#1: signal 17 (SIGCHLD) received from 24
2022/12/07 17:53:24 [notice] 1#1: worker process 24 exited with code 0
2022/12/07 17:53:24 [notice] 1#1: signal 29 (SIGIO) received
2022/12/07 17:53:24 [notice] 1#1: signal 17 (SIGCHLD) received from 22
2022/12/07 17:53:24 [notice] 1#1: worker process 22 exited with code 0
2022/12/07 17:53:24 [notice] 1#1: worker process 25 exited with code 0
2022/12/07 17:53:24 [notice] 1#1: exit
2022/12/07 17:54:26 [notice] 1#1: using the "epoll" event method
2022/12/07 17:54:26 [notice] 1#1: nginx/1.23.2
2022/12/07 17:54:26 [notice] 1#1: built by gcc 10.2.1 20210110 (Debian 10.2.1-6) 
2022/12/07 17:54:26 [notice] 1#1: OS: Linux 5.15.74.2-microsoft-standard-WSL2
2022/12/07 17:54:26 [notice] 1#1: getrlimit(RLIMIT_NOFILE): 1048576:1048576
2022/12/07 17:54:26 [notice] 1#1: start worker processes
2022/12/07 17:54:26 [notice] 1#1: start worker process 22
2022/12/07 17:54:26 [notice] 1#1: start worker process 23
2022/12/07 17:54:26 [notice] 1#1: start worker process 24
2022/12/07 17:54:26 [notice] 1#1: start worker process 25
2022/12/07 17:55:00 [notice] 1#1: signal 3 (SIGQUIT) received, shutting down
2022/12/07 17:55:00 [notice] 22#22: gracefully shutting down
2022/12/07 17:55:00 [notice] 22#22: exiting
2022/12/07 17:55:00 [notice] 23#23: gracefully shutting down
2022/12/07 17:55:00 [notice] 24#24: gracefully shutting down
2022/12/07 17:55:00 [notice] 24#24: exiting
2022/12/07 17:55:00 [notice] 25#25: gracefully shutting down
2022/12/07 17:55:00 [notice] 22#22: exit
2022/12/07 17:55:00 [notice] 23#23: exiting
2022/12/07 17:55:00 [notice] 24#24: exit
2022/12/07 17:55:00 [notice] 25#25: exiting
2022/12/07 17:55:00 [notice] 23#23: exit
2022/12/07 17:55:00 [notice] 25#25: exit
2022/12/07 17:55:01 [notice] 1#1: signal 17 (SIGCHLD) received from 24
2022/12/07 17:55:01 [notice] 1#1: worker process 22 exited with code 0
2022/12/07 17:55:01 [notice] 1#1: worker process 24 exited with code 0
2022/12/07 17:55:01 [notice] 1#1: signal 29 (SIGIO) received
2022/12/07 17:55:01 [notice] 1#1: signal 17 (SIGCHLD) received from 23
2022/12/07 17:55:01 [notice] 1#1: worker process 23 exited with code 0
2022/12/07 17:55:01 [notice] 1#1: signal 29 (SIGIO) received
2022/12/07 17:55:01 [notice] 1#1: signal 17 (SIGCHLD) received from 25
2022/12/07 17:55:01 [notice] 1#1: worker process 25 exited with code 0
2022/12/07 17:55:01 [notice] 1#1: exit
2022/12/07 17:55:31 [notice] 1#1: using the "epoll" event method
2022/12/07 17:55:31 [notice] 1#1: nginx/1.23.2
2022/12/07 17:55:31 [notice] 1#1: built by gcc 10.2.1 20210110 (Debian 10.2.1-6) 
2022/12/07 17:55:31 [notice] 1#1: OS: Linux 5.15.74.2-microsoft-standard-WSL2
2022/12/07 17:55:31 [notice] 1#1: getrlimit(RLIMIT_NOFILE): 1048576:1048576
2022/12/07 17:55:31 [notice] 1#1: start worker processes
2022/12/07 17:55:31 [notice] 1#1: start worker process 29
2022/12/07 17:55:31 [notice] 1#1: start worker process 30
2022/12/07 17:55:31 [notice] 1#1: start worker process 31
2022/12/07 17:55:31 [notice] 1#1: start worker process 32
2022/12/07 18:00:43 [notice] 1#1: signal 3 (SIGQUIT) received, shutting down
2022/12/07 18:00:43 [notice] 29#29: gracefully shutting down
2022/12/07 18:00:43 [notice] 29#29: exiting
2022/12/07 18:00:43 [notice] 31#31: gracefully shutting down
2022/12/07 18:00:43 [notice] 31#31: exiting
2022/12/07 18:00:43 [notice] 30#30: gracefully shutting down
2022/12/07 18:00:43 [notice] 31#31: exit
2022/12/07 18:00:43 [notice] 32#32: gracefully shutting down
2022/12/07 18:00:43 [notice] 29#29: exit
2022/12/07 18:00:43 [notice] 30#30: exiting
2022/12/07 18:00:43 [notice] 32#32: exiting
2022/12/07 18:00:43 [notice] 32#32: exit
2022/12/07 18:00:43 [notice] 30#30: exit
2022/12/07 18:00:43 [notice] 1#1: signal 17 (SIGCHLD) received from 31
2022/12/07 18:00:43 [notice] 1#1: worker process 29 exited with code 0
2022/12/07 18:00:43 [notice] 1#1: worker process 31 exited with code 0
2022/12/07 18:00:43 [notice] 1#1: worker process 32 exited with code 0
2022/12/07 18:00:43 [notice] 1#1: signal 29 (SIGIO) received
2022/12/07 18:00:43 [notice] 1#1: signal 17 (SIGCHLD) received from 32
2022/12/07 18:00:43 [notice] 1#1: signal 17 (SIGCHLD) received from 30
2022/12/07 18:00:43 [notice] 1#1: worker process 30 exited with code 0
2022/12/07 18:00:43 [notice] 1#1: exit
2022/12/07 18:01:44 [notice] 1#1: using the "epoll" event method
2022/12/07 18:01:44 [notice] 1#1: nginx/1.23.2
2022/12/07 18:01:44 [notice] 1#1: built by gcc 10.2.1 20210110 (Debian 10.2.1-6) 
2022/12/07 18:01:44 [notice] 1#1: OS: Linux 5.15.74.2-microsoft-standard-WSL2
2022/12/07 18:01:44 [notice] 1#1: getrlimit(RLIMIT_NOFILE): 1048576:1048576
2022/12/07 18:01:44 [notice] 1#1: start worker processes
2022/12/07 18:01:44 [notice] 1#1: start worker process 29
2022/12/07 18:01:44 [notice] 1#1: start worker process 30
2022/12/07 18:01:44 [notice] 1#1: start worker process 31
2022/12/07 18:01:44 [notice] 1#1: start worker process 32
2022/12/07 18:06:31 [notice] 1#1: signal 3 (SIGQUIT) received, shutting down
2022/12/07 18:06:31 [notice] 30#30: gracefully shutting down
2022/12/07 18:06:31 [notice] 31#31: gracefully shutting down
2022/12/07 18:06:31 [notice] 31#31: exiting
2022/12/07 18:06:31 [notice] 29#29: gracefully shutting down
2022/12/07 18:06:31 [notice] 32#32: gracefully shutting down
2022/12/07 18:06:31 [notice] 30#30: exiting
2022/12/07 18:06:31 [notice] 31#31: exit
2022/12/07 18:06:31 [notice] 29#29: exiting
2022/12/07 18:06:31 [notice] 32#32: exiting
2022/12/07 18:06:31 [notice] 30#30: exit
2022/12/07 18:06:31 [notice] 29#29: exit
2022/12/07 18:06:31 [notice] 32#32: exit
2022/12/07 18:06:31 [notice] 1#1: signal 17 (SIGCHLD) received from 32
2022/12/07 18:06:31 [notice] 1#1: worker process 29 exited with code 0
2022/12/07 18:06:31 [notice] 1#1: worker process 32 exited with code 0
2022/12/07 18:06:31 [notice] 1#1: signal 29 (SIGIO) received
2022/12/07 18:06:31 [notice] 1#1: signal 17 (SIGCHLD) received from 31
2022/12/07 18:06:31 [notice] 1#1: worker process 31 exited with code 0
2022/12/07 18:06:31 [notice] 1#1: signal 29 (SIGIO) received
2022/12/07 18:06:31 [notice] 1#1: signal 17 (SIGCHLD) received from 30
2022/12/07 18:06:31 [notice] 1#1: worker process 30 exited with code 0
2022/12/07 18:06:31 [notice] 1#1: exit
2022/12/10 11:08:28 [emerg] 1#1: host not found in upstream "login-service.api" in /etc/nginx/nginx.conf:42
2022/12/10 11:09:19 [notice] 1#1: using the "epoll" event method
2022/12/10 11:09:19 [notice] 1#1: nginx/1.23.2
2022/12/10 11:09:19 [notice] 1#1: built by gcc 10.2.1 20210110 (Debian 10.2.1-6) 
2022/12/10 11:09:19 [notice] 1#1: OS: Linux 5.15.79.1-microsoft-standard-WSL2
2022/12/10 11:09:19 [notice] 1#1: getrlimit(RLIMIT_NOFILE): 1048576:1048576
2022/12/10 11:09:19 [notice] 1#1: start worker processes
2022/12/10 11:09:19 [notice] 1#1: start worker process 28
2022/12/10 11:09:19 [notice] 1#1: start worker process 29
2022/12/10 11:09:19 [notice] 1#1: start worker process 30
2022/12/10 11:09:19 [notice] 1#1: start worker process 31
2022/12/10 11:09:24 [notice] 1#1: signal 3 (SIGQUIT) received, shutting down
2022/12/10 11:09:24 [notice] 30#30: gracefully shutting down
2022/12/10 11:09:24 [notice] 28#28: gracefully shutting down
2022/12/10 11:09:24 [notice] 29#29: gracefully shutting down
2022/12/10 11:09:24 [notice] 31#31: gracefully shutting down
2022/12/10 11:09:24 [notice] 30#30: exiting
2022/12/10 11:09:24 [notice] 28#28: exiting
2022/12/10 11:09:24 [notice] 29#29: exiting
2022/12/10 11:09:24 [notice] 31#31: exiting
2022/12/10 11:09:24 [notice] 30#30: exit
2022/12/10 11:09:24 [notice] 28#28: exit
2022/12/10 11:09:24 [notice] 29#29: exit
2022/12/10 11:09:24 [notice] 31#31: exit
2022/12/10 11:09:24 [notice] 1#1: signal 17 (SIGCHLD) received from 29
2022/12/10 11:09:24 [notice] 1#1: worker process 29 exited with code 0
2022/12/10 11:09:24 [notice] 1#1: worker process 30 exited with code 0
2022/12/10 11:09:24 [notice] 1#1: signal 29 (SIGIO) received
2022/12/10 11:09:24 [notice] 1#1: signal 17 (SIGCHLD) received from 30
2022/12/10 11:09:24 [notice] 1#1: signal 17 (SIGCHLD) received from 31
2022/12/10 11:09:24 [notice] 1#1: worker process 28 exited with code 0
2022/12/10 11:09:24 [notice] 1#1: worker process 31 exited with code 0
2022/12/10 11:09:24 [notice] 1#1: exit
